Starting logging on 2026-04-17 at 01:52:48
Using SDK library version v4.10.1 (1743687540) Linux-5.15.0-1074-azure
fusionTrack.cpp, line 502: falling back to default access level
Using device layer library version v3.5.0 (1743687540) Linux-5.15.0-1074-azure
Launching discovery service for config 172.17.1.7:3509
devFusionTrack.cpp, line 222: reading SN LSBs
Sending packet 2 at 1776390768879210654
devPacketReader.tpp, line 80, sending command
Sending packet 2 at 1776390768879276808
devPacketReader.tpp, line 80, sending command
Sending packet 2 at 1776390768879286055
devPacketReader.tpp, line 80, sending command
Sending packet 2 at 1776390768879292907
devPacketReader.tpp, line 80, sending command
Sending packet 2 at 1776390768879299510
devPacketReader.tpp, line 80, sending command
devFusionTrack.cpp, line 226: cannot read SN LSBs
thread.cpp, line 173: stopping endless loop
! No device detected while searching for: (172.17.1.7/16:3509)
Restarting discovery with looser timeout
Launching discovery service for config 172.17.1.7:3509
devFusionTrack.cpp, line 222: reading SN LSBs
Sending packet 3 at 1776390768879793571
devPacketReader.tpp, line 80, sending command
Sending packet 3 at 1776390768879826552
devPacketReader.tpp, line 80, sending command
Sending packet 3 at 1776390768879834397
devPacketReader.tpp, line 80, sending command
Sending packet 3 at 1776390768879841049
devPacketReader.tpp, line 80, sending command
Sending packet 3 at 1776390768879874862
devPacketReader.tpp, line 80, sending command
devFusionTrack.cpp, line 226: cannot read SN LSBs
thread.cpp, line 173: stopping endless loop
! No device detected while searching for: (172.17.1.7/16:3509)
thread.cpp, line 173: stopping endless loop
